0 info it worked if it ends with ok
1 verbose cli [ 'C:\\Program Files\\nodejs\\node.exe',
1 verbose cli   'C:\\Program Files\\nodejs\\node_modules\\npm\\bin\\npm-cli.js',
1 verbose cli   'run',
1 verbose cli   'build' ]
2 info using npm@3.3.12
3 info using node@v5.1.0
4 verbose run-script [ 'prebuild', 'build', 'postbuild' ]
5 info lifecycle myportfoliopro@1.0.0~prebuild: myportfoliopro@1.0.0
6 silly lifecycle myportfoliopro@1.0.0~prebuild: no script for prebuild, continuing
7 info lifecycle myportfoliopro@1.0.0~build: myportfoliopro@1.0.0
8 verbose lifecycle myportfoliopro@1.0.0~build: unsafe-perm in lifecycle true
9 verbose lifecycle myportfoliopro@1.0.0~build: PATH: C:\Users\user\AppData\Roaming\nvm\v5.1.0\node_modules\npm\bin\node-gyp-bin;C:\Users\user\Desktop\myportfoliopro\node_modules\.bin;c:\Users\user\Desktop\myportfoliopro\my-app\src\utilities\graalvm-ce-java17-22.3.2\bin;C:\Program Files\Microsoft\jdk-11.0.16.101-hotspot\bin;C:\Python311\Scripts\;C:\Python311\;C:\Program Files\Common Files\Oracle\Java\javapath;C:\Windows\system32;C:\Windows;C:\Windows\System32\Wbem;C:\Windows\System32\WindowsPowerShell\v1.0\;C:\Windows\System32\OpenSSH\;C:\ProgramData\chocolatey\bin;C:\Program Files\Java\jdk-20\bin;C:\Program Files\nodejs\;C:\Program Files\Git\cmd;C:\Program Files\heroku;C:\Program Files\heroku\bin;C:\Program Files\Microsoft SQL Server\150\Tools\Binn\;C:\Program Files\Microsoft SQL Server\Client SDK\ODBC\170\Tools\Binn\;C:\Program Files\dotnet\;C:\Users\user\AppData\Local\Microsoft\WindowsApps;C:\Users\user\AppData\Local\Programs\Microsoft VS Code\bin;C:\Users\user\AppData\Roaming\npm;C:\Program Files\heroku\bin;C:\Program Files\heroku\bin;C:\Users\user\.dotnet\tools
10 verbose lifecycle myportfoliopro@1.0.0~build: CWD: C:\Users\user\Desktop\myportfoliopro
11 silly lifecycle myportfoliopro@1.0.0~build: Args: [ '/d /s /c', 'npm run build' ]
12 silly lifecycle myportfoliopro@1.0.0~build: Returned: code: 1  signal: null
13 info lifecycle myportfoliopro@1.0.0~build: Failed to exec build script
14 verbose stack Error: myportfoliopro@1.0.0 build: `npm run build`
14 verbose stack Exit status 1
14 verbose stack     at EventEmitter.<anonymous> (C:\Users\user\AppData\Roaming\nvm\v5.1.0\node_modules\npm\lib\utils\lifecycle.js:232:16)
14 verbose stack     at emitTwo (events.js:87:13)
14 verbose stack     at EventEmitter.emit (events.js:172:7)
14 verbose stack     at ChildProcess.<anonymous> (C:\Users\user\AppData\Roaming\nvm\v5.1.0\node_modules\npm\lib\utils\spawn.js:24:14)
14 verbose stack     at emitTwo (events.js:87:13)
14 verbose stack     at ChildProcess.emit (events.js:172:7)
14 verbose stack     at maybeClose (internal/child_process.js:818:16)
14 verbose stack     at Process.ChildProcess._handle.onexit (internal/child_process.js:211:5)
15 verbose pkgid myportfoliopro@1.0.0
16 verbose cwd C:\Users\user\Desktop\myportfoliopro
17 error Windows_NT 10.0.22621
18 error argv "C:\\Program Files\\nodejs\\node.exe" "C:\\Program Files\\nodejs\\node_modules\\npm\\bin\\npm-cli.js" "run" "build"
19 error node v5.1.0
20 error npm  v3.3.12
21 error code ELIFECYCLE
22 error myportfoliopro@1.0.0 build: `npm run build`
22 error Exit status 1
23 error Failed at the myportfoliopro@1.0.0 build script 'npm run build'.
23 error Make sure you have the latest version of node.js and npm installed.
23 error If you do, this is most likely a problem with the myportfoliopro package,
23 error not with npm itself.
23 error Tell the author that this fails on your system:
23 error     npm run build
23 error You can get their info via:
23 error     npm owner ls myportfoliopro
23 error There is likely additional logging output above.
24 verbose exit [ 1, true ]
